Mon Mar 12 2018 00:41:45 GMT+0100 (CET): GET /
Mon Mar 12 2018 00:41:53 GMT+0100 (CET): GET /about
Mon Mar 12 2018 00:46:38 GMT+0100 (CET): GET /
Mon Mar 12 2018 00:46:42 GMT+0100 (CET): GET /fewv
Mon Mar 12 2018 00:46:54 GMT+0100 (CET): GET /
Mon Mar 12 2018 00:51:11 GMT+0100 (CET): GET /
Mon Mar 12 2018 00:51:41 GMT+0100 (CET): GET /
Mon Mar 12 2018 00:56:26 GMT+0100 (CET): GET /
Mon Mar 12 2018 00:56:27 GMT+0100 (CET): GET /
Mon Mar 12 2018 00:56:35 GMT+0100 (CET): GET /
Mon Mar 12 2018 00:56:39 GMT+0100 (CET): GET /about
Mon Mar 12 2018 00:56:44 GMT+0100 (CET): GET /
Mon Mar 12 2018 00:57:44 GMT+0100 (CET): GET /
Mon Mar 12 2018 00:59:36 GMT+0100 (CET): GET /help.html
Mon Mar 12 2018 01:02:41 GMT+0100 (CET): GET /bad
Tue Mar 13 2018 23:46:32 GMT+0100 (CET): GET /
Tue Mar 13 2018 23:46:35 GMT+0100 (CET): GET /about
Tue Mar 13 2018 23:46:36 GMT+0100 (CET): GET /
Tue Mar 13 2018 23:46:38 GMT+0100 (CET): GET /about
Tue Mar 13 2018 23:46:40 GMT+0100 (CET): GET /projects
Tue Mar 13 2018 23:47:09 GMT+0100 (CET): GET /projects
Tue Mar 13 2018 23:47:15 GMT+0100 (CET): GET /about
Tue Mar 13 2018 23:47:16 GMT+0100 (CET): GET /projects
Tue Mar 13 2018 23:47:18 GMT+0100 (CET): GET /
Tue Mar 13 2018 23:47:19 GMT+0100 (CET): GET /about
Tue Mar 13 2018 23:47:19 GMT+0100 (CET): GET /projects
Tue Mar 13 2018 23:47:21 GMT+0100 (CET): GET /about
Tue Mar 13 2018 23:47:21 GMT+0100 (CET): GET /
Tue Mar 13 2018 23:47:22 GMT+0100 (CET): GET /projects
Tue Mar 13 2018 23:47:22 GMT+0100 (CET): GET /
Tue Mar 13 2018 23:47:23 GMT+0100 (CET): GET /about
Tue Mar 13 2018 23:47:23 GMT+0100 (CET): GET /projects
